<?xml version="1.0" encoding="UTF-8"?>
<Site BuildName="Win32-MSBuild"
	BuildStamp="20260614-1140-Experimental"
	Name="Brotherhood"
	Generator="ctest-4.3.1"
	CompilerName="C:/Program Files (x86)/Microsoft Visual Studio/18/BuildTools/VC/Tools/MSVC/14.50.35717/bin/Hostx64/x64/cl.exe"
	CompilerVersion="19.50.35720.0"
	OSName="Windows"
	Hostname="Brotherhood"
	OSRelease="10.0.26200"
	OSVersion="Windows 10"
	OSPlatform="AMD64"
	Is64Bits="1"
	VendorString="AuthenticAMD"
	VendorID="Advanced Micro Devices"
	FamilyID="15"
	ModelID="0"
	ModelName="AMD Ryzen 7 5700"
	ProcessorCacheSize="64"
	NumberOfLogicalCPU="16"
	NumberOfPhysicalCPU="8"
	TotalVirtualMemory="2048"
	TotalPhysicalMemory="32661"
	LogicalProcessorsPerPhysical="2"
	ProcessorClockFrequency="3701.000000"
	>
	<Testing>
		<StartDateTime>Jun 14 21:10 South Africa Standard Time</StartDateTime>
		<StartTestTime>1781464234</StartTestTime>
		<TestList/>
		<EndDateTime>Jun 14 21:10 South Africa Standard Time</EndDateTime>
		<EndTestTime>1781464234</EndTestTime>
		<ElapsedMinutes>0</ElapsedMinutes>
	</Testing>
</Site>
